0 info it worked if it ends with ok
1 verbose cli [ 'node',
1 verbose cli   '/usr/local/bin/npm',
1 verbose cli   'install',
1 verbose cli   '-g',
1 verbose cli   'cordova',
1 verbose cli   'ionic' ]
2 info using npm@2.14.2
3 info using node@v0.12.7
4 verbose node symlink /usr/local/bin/node
5 verbose install initial load of /usr/local/lib/package.json
6 verbose readDependencies loading dependencies from /usr/local/lib/package.json
7 silly cache add args [ 'cordova', null ]
8 verbose cache add spec cordova
9 silly cache add args [ 'ionic', null ]
10 verbose cache add spec ionic
11 silly cache add parsed spec { raw: 'cordova',
11 silly cache add   scope: null,
11 silly cache add   name: 'cordova',
11 silly cache add   rawSpec: '',
11 silly cache add   spec: '*',
11 silly cache add   type: 'range' }
12 silly addNamed cordova@*
13 verbose addNamed "*" is a valid semver range for cordova
14 silly addNameRange { name: 'cordova', range: '*', hasData: false }
15 silly mapToRegistry name cordova
16 silly mapToRegistry using default registry
17 silly mapToRegistry registry https://registry.npmjs.org/
18 silly mapToRegistry uri https://registry.npmjs.org/cordova
19 verbose addNameRange registry:https://registry.npmjs.org/cordova not in flight; fetching
20 silly cache add parsed spec { raw: 'ionic',
20 silly cache add   scope: null,
20 silly cache add   name: 'ionic',
20 silly cache add   rawSpec: '',
20 silly cache add   spec: '*',
20 silly cache add   type: 'range' }
21 silly addNamed ionic@*
22 verbose addNamed "*" is a valid semver range for ionic
23 silly addNameRange { name: 'ionic', range: '*', hasData: false }
24 silly mapToRegistry name ionic
25 silly mapToRegistry using default registry
26 silly mapToRegistry registry https://registry.npmjs.org/
27 silly mapToRegistry uri https://registry.npmjs.org/ionic
28 verbose addNameRange registry:https://registry.npmjs.org/ionic not in flight; fetching
29 verbose request uri https://registry.npmjs.org/ionic
30 verbose request no auth needed
31 info attempt registry request try #1 at 19:08:24
32 verbose request id 963ac05fa73e2a5e
33 verbose etag "D4ZWHYNBKT52VU9GGXKKX7DYM"
34 http request GET https://registry.npmjs.org/ionic
35 verbose request uri https://registry.npmjs.org/cordova
36 verbose request no auth needed
37 info attempt registry request try #1 at 19:08:24
38 verbose etag "3I2GKY5YJDCEH0E25NKOJONR5"
39 http request GET https://registry.npmjs.org/cordova
40 http 304 https://registry.npmjs.org/cordova
41 silly get cb [ 304,
41 silly get   { date: 'Wed, 11 Nov 2015 00:08:24 GMT',
41 silly get     via: '1.1 varnish',
41 silly get     'cache-control': 'max-age=60',
41 silly get     etag: '"3I2GKY5YJDCEH0E25NKOJONR5"',
41 silly get     age: '11',
41 silly get     connection: 'keep-alive',
41 silly get     'x-served-by': 'cache-dfw1822-DFW',
41 silly get     'x-cache': 'HIT',
41 silly get     'x-cache-hits': '1',
41 silly get     'x-timer': 'S1447200504.266223,VS0,VE1',
41 silly get     vary: 'Accept' } ]
42 verbose etag https://registry.npmjs.org/cordova from cache
43 verbose get saving cordova to /Users/kuzijie/.npm/registry.npmjs.org/cordova/.cache.json
44 silly addNameRange number 2 { name: 'cordova', range: '*', hasData: true }
45 silly addNameRange versions [ 'cordova',
45 silly addNameRange   [ '0.0.1',
45 silly addNameRange     '0.0.2',
45 silly addNameRange     '0.0.3',
45 silly addNameRange     '0.0.4',
45 silly addNameRange     '0.0.5',
45 silly addNameRange     '0.0.6',
45 silly addNameRange     '0.0.7',
45 silly addNameRange     '0.0.8',
45 silly addNameRange     '0.0.9',
45 silly addNameRange     '0.1.0',
45 silly addNameRange     '0.1.1',
45 silly addNameRange     '0.1.2',
45 silly addNameRange     '0.1.3',
45 silly addNameRange     '0.1.4',
45 silly addNameRange     '0.1.5',
45 silly addNameRange     '0.1.6',
45 silly addNameRange     '0.1.7',
45 silly addNameRange     '0.1.8',
45 silly addNameRange     '0.1.9',
45 silly addNameRange     '0.1.10',
45 silly addNameRange     '0.1.11',
45 silly addNameRange     '0.1.12',
45 silly addNameRange     '0.1.13',
45 silly addNameRange     '0.1.14',
45 silly addNameRange     '2.2.0',
45 silly addNameRange     '2.3.0',
45 silly addNameRange     '2.3.1',
45 silly addNameRange     '2.3.2',
45 silly addNameRange     '2.3.3',
45 silly addNameRange     '2.3.5',
45 silly addNameRange     '2.3.6',
45 silly addNameRange     '2.4.0',
45 silly addNameRange     '2.4.1',
45 silly addNameRange     '2.4.2',
45 silly addNameRange     '2.4.3',
45 silly addNameRange     '2.4.4',
45 silly addNameRange     '2.4.5',
45 silly addNameRange     '2.4.6',
45 silly addNameRange     '2.4.7',
45 silly addNameRange     '2.4.8',
45 silly addNameRange     '2.4.9',
45 silly addNameRange     '2.4.10',
45 silly addNameRange     '2.5.0',
45 silly addNameRange     '2.5.2',
45 silly addNameRange     '2.5.3',
45 silly addNameRange     '2.5.4',
45 silly addNameRange     '2.5.5',
45 silly addNameRange     '2.6.0',
45 silly addNameRange     '2.6.1',
45 silly addNameRange     '2.6.2',
45 silly addNameRange     '2.7.0-rc.1',
45 silly addNameRange     '2.7.1-rc.1',
45 silly addNameRange     '2.7.2',
45 silly addNameRange     '2.7.3',
45 silly addNameRange     '2.7.4',
45 silly addNameRange     '2.8.0',
45 silly addNameRange     '2.8.1',
45 silly addNameRange     '2.8.2',
45 silly addNameRange     '2.8.3',
45 silly addNameRange     '2.8.4',
45 silly addNameRange     '2.8.5',
45 silly addNameRange     '2.8.6',
45 silly addNameRange     '2.8.7',
45 silly addNameRange     '2.8.8',
45 silly addNameRange     '2.8.9',
45 silly addNameRange     '2.8.10',
45 silly addNameRange     '2.8.11',
45 silly addNameRange     '2.8.12',
45 silly addNameRange     '2.8.13',
45 silly addNameRange     '2.8.14',
45 silly addNameRange     '2.8.15',
45 silly addNameRange     '2.8.16',
45 silly addNameRange     '2.8.17',
45 silly addNameRange     '2.8.18',
45 silly addNameRange     '2.8.19',
45 silly addNameRange     '2.8.20',
45 silly addNameRange     '2.8.21',
45 silly addNameRange     '2.8.22',
45 silly addNameRange     '2.8.23',
45 silly addNameRange     '2.8.24',
45 silly addNameRange     '2.8.25',
45 silly addNameRange     '2.9.0',
45 silly addNameRange     '2.9.1',
45 silly addNameRange     '2.9.2',
45 silly addNameRange     '2.9.3',
45 silly addNameRange     '2.9.4',
45 silly addNameRange     '2.9.5',
45 silly addNameRange     '2.9.6',
45 silly addNameRange     '2.9.7',
45 silly addNameRange     '3.0.0-rc1',
45 silly addNameRange     '3.0.0-rc1-1',
45 silly addNameRange     '3.0.0-rc1-3',
45 silly addNameRange     '3.0.0',
45 silly addNameRange     '3.0.1',
45 silly addNameRange     '3.0.2',
45 silly addNameRange     '3.0.3',
45 silly addNameRange     '3.0.4',
45 silly addNameRange     '3.0.5',
45 silly addNameRange     '3.0.6',
45 silly addNameRange     '3.0.7',
45 silly addNameRange     '3.0.8',
45 silly addNameRange     '3.0.9',
45 silly addNameRange     '3.0.10',
45 silly addNameRange     '3.1.0-0.1.0',
45 silly addNameRange     '3.1.0-0.2.0',
45 silly addNameRange     '3.2.0-rc.1',
45 silly addNameRange     '3.2.0-0.1.0',
45 silly addNameRange     '3.2.0-0.2.0',
45 silly addNameRange     '3.2.0-0.3.0',
45 silly addNameRange     '3.2.0-0.4.0',
45 silly addNameRange     '3.3.0-rc.1',
45 silly addNameRange     '3.3.0-0.1.1',
45 silly addNameRange     '3.3.1-0.1.2',
45 silly addNameRange     '2.9.0-rc1',
45 silly addNameRange     '3.3.1-0.3.0',
45 silly addNameRange     '3.3.1-0.3.1',
45 silly addNameRange     '3.3.1-0.4.1',
45 silly addNameRange     '3.3.1-0.4.2',
45 silly addNameRange     '3.4.0-0.1.0',
45 silly addNameRange     '3.4.0-0.1.1',
45 silly addNameRange     '3.4.0-0.1.2',
45 silly addNameRange     '3.4.0-0.1.3',
45 silly addNameRange     '0.0.0-fake',
45 silly addNameRange     '3.4.1-0.1.0',
45 silly addNameRange     '3.5.0-0.2.0',
45 silly addNameRange     '3.5.0-0.2.1',
45 silly addNameRange     '3.5.0-0.2.2',
45 silly addNameRange     '3.5.0-0.2.3',
45 silly addNameRange     '3.5.0-0.2.4',
45 silly addNameRange     '3.5.0-0.2.6',
45 silly addNameRange     '3.5.0-0.2.7',
45 silly addNameRange     '3.6.0-0.2.8',
45 silly addNameRange     '3.6.0-0.2.9',
45 silly addNameRange     '3.6.1-0.2.10',
45 silly addNameRange     '3.6.3-0.2.11',
45 silly addNameRange     '3.6.3-0.2.12',
45 silly addNameRange     '3.6.3-0.2.13',
45 silly addNameRange     '4.0.0',
45 silly addNameRange     '4.0.1',
45 silly addNameRange     '4.1.0',
45 silly addNameRange     '4.1.1',
45 silly addNameRange     '4.1.2',
45 silly addNameRange     '4.1.3-nightly.2014.10.21',
45 silly addNameRange     '4.2.0',
45 silly addNameRange     '4.3.0',
45 silly addNameRange     '5.0.0',
45 silly addNameRange     '4.3.1',
45 silly addNameRange     '5.1.1',
45 silly addNameRange     '5.2.0',
45 silly addNameRange     '5.3.1',
45 silly addNameRange     '5.3.3',
45 silly addNameRange     '5.4.0' ] ]
46 silly addNamed cordova@5.4.0
47 verbose addNamed "5.4.0" is a plain semver version for cordova
48 silly cache afterAdd cordova@5.4.0
49 verbose afterAdd /Users/kuzijie/.npm/cordova/5.4.0/package/package.json not in flight; writing
50 verbose afterAdd /Users/kuzijie/.npm/cordova/5.4.0/package/package.json written
51 http 304 https://registry.npmjs.org/ionic
52 silly get cb [ 304,
52 silly get   { date: 'Wed, 11 Nov 2015 00:08:24 GMT',
52 silly get     via: '1.1 varnish',
52 silly get     'cache-control': 'max-age=60',
52 silly get     etag: '"D4ZWHYNBKT52VU9GGXKKX7DYM"',
52 silly get     age: '0',
52 silly get     connection: 'keep-alive',
52 silly get     'x-served-by': 'cache-dfw1827-DFW',
52 silly get     'x-cache': 'HIT',
52 silly get     'x-cache-hits': '1',
52 silly get     'x-timer': 'S1447200504.265198,VS0,VE50',
52 silly get     vary: 'Accept' } ]
53 verbose etag https://registry.npmjs.org/ionic from cache
54 verbose get saving ionic to /Users/kuzijie/.npm/registry.npmjs.org/ionic/.cache.json
55 silly addNameRange number 2 { name: 'ionic', range: '*', hasData: true }
56 silly addNameRange versions [ 'ionic',
56 silly addNameRange   [ '0.9.6',
56 silly addNameRange     '0.9.8',
56 silly addNameRange     '0.9.9',
56 silly addNameRange     '0.9.10',
56 silly addNameRange     '0.9.11',
56 silly addNameRange     '0.9.12',
56 silly addNameRange     '0.9.13',
56 silly addNameRange     '0.9.14',
56 silly addNameRange     '0.9.15',
56 silly addNameRange     '0.9.16',
56 silly addNameRange     '1.0.0-beta.1',
56 silly addNameRange     '1.0.0-beta',
56 silly addNameRange     '1.0.1-beta',
56 silly addNameRange     '1.0.3-beta',
56 silly addNameRange     '1.0.4',
56 silly addNameRange     '1.0.5',
56 silly addNameRange     '1.0.6',
56 silly addNameRange     '1.0.7',
56 silly addNameRange     '1.0.8',
56 silly addNameRange     '1.0.9',
56 silly addNameRange     '1.0.10',
56 silly addNameRange     '1.0.11',
56 silly addNameRange     '1.0.12',
56 silly addNameRange     '1.0.13',
56 silly addNameRange     '1.0.14',
56 silly addNameRange     '1.0.15',
56 silly addNameRange     '1.0.16',
56 silly addNameRange     '1.0.17',
56 silly addNameRange     '1.1.0-beta1',
56 silly addNameRange     '1.1.0-beta2',
56 silly addNameRange     '1.1.0-beta3',
56 silly addNameRange     '1.1.0-beta4',
56 silly addNameRange     '1.1.0-beta5',
56 silly addNameRange     '1.1.0-beta6',
56 silly addNameRange     '1.1.0',
56 silly addNameRange     '1.1.1-beta1',
56 silly addNameRange     '1.1.1-beta2',
56 silly addNameRange     '1.1.1-beta3',
56 silly addNameRange     '1.1.1',
56 silly addNameRange     '1.1.3',
56 silly addNameRange     '1.1.4',
56 silly addNameRange     '1.1.5-beta1',
56 silly addNameRange     '1.1.5-beta2',
56 silly addNameRange     '1.1.5-beta3',
56 silly addNameRange     '1.1.5-beta4',
56 silly addNameRange     '1.1.5-beta5',
56 silly addNameRange     '1.1.5',
56 silly addNameRange     '1.1.6',
56 silly addNameRange     '1.1.7-beta1',
56 silly addNameRange     '1.1.7',
56 silly addNameRange     '1.1.8-beta1',
56 silly addNameRange     '1.1.8-beta2',
56 silly addNameRange     '1.1.8-beta3',
56 silly addNameRange     '1.1.8-beta4',
56 silly addNameRange     '1.1.8-beta5',
56 silly addNameRange     '1.1.8',
56 silly addNameRange     '1.1.9-beta1',
56 silly addNameRange     '1.1.9',
56 silly addNameRange     '1.1.10',
56 silly addNameRange     '1.1.11-beta1',
56 silly addNameRange     '1.1.11-beta2',
56 silly addNameRange     '1.1.11',
56 silly addNameRange     '1.1.12-beta1',
56 silly addNameRange     '1.1.12-beta2',
56 silly addNameRange     '1.1.12-beta3',
56 silly addNameRange     '1.1.12',
56 silly addNameRange     '1.1.13',
56 silly addNameRange     '1.1.14-beta1',
56 silly addNameRange     '1.1.14-beta2',
56 silly addNameRange     '1.1.14-beta3',
56 silly addNameRange     '1.2.0-beta1',
56 silly addNameRange     '1.2.0',
56 silly addNameRange     '1.2.1-beta1',
56 silly addNameRange     '1.2.1-beta2',
56 silly addNameRange     '1.2.1-beta3',
56 silly addNameRange     '1.2.1-beta4',
56 silly addNameRange     '1.2.1',
56 silly addNameRange     '1.2.2',
56 silly addNameRange     '1.2.3-beta1',
56 silly addNameRange     '1.2.3-beta2',
56 silly addNameRange     '1.2.3-beta3',
56 silly addNameRange     '1.2.3',
56 silly addNameRange     '1.2.4-beta1',
56 silly addNameRange     '1.2.4-beta2',
56 silly addNameRange     '1.2.4-beta3',
56 silly addNameRange     '1.2.4',
56 silly addNameRange     '1.2.5-beta1',
56 silly addNameRange     '1.2.5-beta2',
56 silly addNameRange     '1.2.5-beta3',
56 silly addNameRange     '1.2.5',
56 silly addNameRange     '1.2.6-beta1',
56 silly addNameRange     '1.2.6-beta2',
56 silly addNameRange     '1.2.6-beta3',
56 silly addNameRange     '1.2.6',
56 silly addNameRange     '1.2.7',
56 silly addNameRange     '1.2.8-beta1',
56 silly addNameRange     '1.2.8-beta2',
56 silly addNameRange     '1.2.8',
56 silly addNameRange     '1.2.9',
56 silly addNameRange     '1.2.10',
56 silly addNameRange     '1.2.11',
56 silly addNameRange     '1.2.12',
56 silly addNameRange     '1.2.13',
56 silly addNameRange     '1.2.14-beta1',
56 silly addNameRange     '1.2.14-beta2',
56 silly addNameRange     '1.2.14-beta3',
56 silly addNameRange     '1.2.14-beta4',
56 silly addNameRange     '1.2.14-beta5',
56 silly addNameRange     '1.2.14-beta6',
56 silly addNameRange     '1.2.14',
56 silly addNameRange     '1.3.0-beta1',
56 silly addNameRange     '1.3.0',
56 silly addNameRange     '1.3.1',
56 silly addNameRange     '1.3.2',
56 silly addNameRange     '1.3.3',
56 silly addNameRange     '1.3.4',
56 silly addNameRange     '1.3.5',
56 silly addNameRange     '1.3.6',
56 silly addNameRange     '1.3.7',
56 silly addNameRange     '1.3.8',
56 silly addNameRange     '1.3.9',
56 silly addNameRange     '1.3.10',
56 silly addNameRange     '1.4.0-alpha.1',
56 silly addNameRange     '1.3.11',
56 silly addNameRange     '1.3.1-1.alpha.0',
56 silly addNameRange     '1.4.0-alpha.2',
56 silly addNameRange     '1.3.12',
56 silly addNameRange     '1.3.12-beta.1',
56 silly addNameRange     '1.3.12-beta.2',
56 silly addNameRange     '1.3.13-beta.0',
56 silly addNameRange     '1.3.1-3.beta.1',
56 silly addNameRange     '1.3.1-3.beta.2',
56 silly addNameRange     '1.3.13',
56 silly addNameRange     '1.3.1-3.beta.4',
56 silly addNameRange     '1.3.14-beta',
56 silly addNameRange     '1.3.14-beta.1',
56 silly addNameRange     '1.4.0-alpha.3',
56 silly addNameRange     '1.3.14',
56 silly addNameRange     '1.4.0-alpha.4',
56 silly addNameRange     '1.4.0-alpha.5',
56 silly addNameRange     '1.3.15-beta.0',
56 silly addNameRange     '1.3.15-beta.1',
56 silly addNameRange     '1.3.15-beta.2',
56 silly addNameRange     '1.3.15-beta.3',
56 silly addNameRange     '1.3.15-beta.4',
56 silly addNameRange     '1.3.15',
56 silly addNameRange     '1.3.16',
56 silly addNameRange     '1.4.0-alpha.6',
56 silly addNameRange     '1.3.17-beta.0',
56 silly addNameRange     '1.3.17-beta.1',
56 silly addNameRange     '1.3.17-beta.2',
56 silly addNameRange     '1.3.17-beta.3',
56 silly addNameRange     '1.3.1-7.beta.4',
56 silly addNameRange     '1.3.17',
56 silly addNameRange     '1.3.18-beta.0',
56 silly addNameRange     '1.3.18-beta.1',
56 silly addNameRange     '1.3.18-beta.2',
56 silly addNameRange     '1.3.18-beta.3',
56 silly addNameRange     '1.3.18',
56 silly addNameRange     '1.3.19-beta.0',
56 silly addNameRange     '1.3.19-beta.1',
56 silly addNameRange     '1.3.19-beta.2',
56 silly addNameRange     '1.3.19-beta.3',
56 silly addNameRange     '1.3.19-beta.4',
56 silly addNameRange     '1.3.19',
56 silly addNameRange     '1.3.20',
56 silly addNameRange     '1.4.1-beta.0',
56 silly addNameRange     '1.4.0-beta.1',
56 silly addNameRange     '1.4.0-beta.2',
56 silly addNameRange     '1.4.0-beta.3',
56 silly addNameRange     '1.4.0-beta.5',
56 silly addNameRange     '1.4.0-beta.6',
56 silly addNameRange     '1.4.0-beta.7',
56 silly addNameRange     '1.3.21-beta.0',
56 silly addNameRange     '1.3.21-beta.1',
56 silly addNameRange     '1.3.21',
56 silly addNameRange     '1.3.22',
56 silly addNameRange     '1.4.0-beta.8',
56 silly addNameRange     '1.4.0-beta.9',
56 silly addNameRange     '1.4.0-beta.10',
56 silly addNameRange     '1.4.0-beta.11',
56 silly addNameRange     '1.4.0-beta.12',
56 silly addNameRange     '1.4.0-beta.13',
56 silly addNameRange     '1.4.0-beta.14',
56 silly addNameRange     '1.4.0-beta.15',
56 silly addNameRange     '1.4.0-beta.16',
56 silly addNameRange     '1.4.0-beta.17',
56 silly addNameRange     '1.4.0-beta.18',
56 silly addNameRange     '1.4.0',
56 silly addNameRange     '1.4.1',
56 silly addNameRange     '1.4.2',
56 silly addNameRange     '1.4.3',
56 silly addNameRange     '1.4.4-beta.0',
56 silly addNameRange     '1.4.4-beta.2',
56 silly addNameRange     '1.4.4',
56 silly addNameRange     '1.4.5-beta.0',
56 silly addNameRange     '1.4.5-beta.1',
56 silly addNameRange     '1.4.5-beta.2',
56 silly addNameRange     '1.4.5-beta.3',
56 silly addNameRange     '1.4.5',
56 silly addNameRange     '1.4.6-beta.0',
56 silly addNameRange     '1.4.6',
56 silly addNameRange     '1.4.7',
56 silly addNameRange     '1.4.8',
56 silly addNameRange     '1.5.0-beta.0',
56 silly addNameRange     '1.5.0-beta.1',
56 silly addNameRange     '1.5.0',
56 silly addNameRange     '1.5.1-beta.0',
56 silly addNameRange     '1.5.1-beta.1',
56 silly addNameRange     '1.5.1-beta.2',
56 silly addNameRange     '1.5.1-beta.3',
56 silly addNameRange     '1.5.1-beta.4',
56 silly addNameRange     '1.5.1',
56 silly addNameRange     '1.5.2',
56 silly addNameRange     '1.5.3',
56 silly addNameRange     '1.5.4',
56 silly addNameRange     '1.5.5',
56 silly addNameRange     '1.6.0-beta.1',
56 silly addNameRange     '1.6.0',
56 silly addNameRange     '1.6.1',
56 silly addNameRange     '1.6.2-beta.0',
56 silly addNameRange     '1.6.2-beta.1',
56 silly addNameRange     '1.6.2-beta.2',
56 silly addNameRange     '1.6.2',
56 silly addNameRange     '1.6.3-beta.0',
56 silly addNameRange     '1.6.3-beta.1',
56 silly addNameRange     '1.6.3',
56 silly addNameRange     '1.6.4-beta.0',
56 silly addNameRange     '1.6.4-beta.1',
56 silly addNameRange     '1.6.4',
56 silly addNameRange     '1.7.0-beta.0',
56 silly addNameRange     '1.7.0-beta.1',
56 silly addNameRange     '1.7.0-beta.2',
56 silly addNameRange     '1.7.0-beta.3',
56 silly addNameRange     '2.0.0-alpha.1',
56 silly addNameRange     '2.0.0-alpha.3',
56 silly addNameRange     '1.7.0-beta.4',
56 silly addNameRange     '1.6.5-testing.0',
56 silly addNameRange     '1.6.5-testing.1',
56 silly addNameRange     '1.6.5-testing.2',
56 silly addNameRange     '1.6.5-testing.3',
56 silly addNameRange     '1.6.5',
56 silly addNameRange     '2.0.0-alpha.4',
56 silly addNameRange     '1.7.0-beta.5',
56 silly addNameRange     '1.7.0-beta.6',
56 silly addNameRange     '1.7.0',
56 silly addNameRange     '2.0.0-alpha.5',
56 silly addNameRange     '2.0.0-alpha.6',
56 silly addNameRange     '1.7.1',
56 silly addNameRange     '2.0.0-alpha.7',
56 silly addNameRange     '2.0.0-alpha.8',
56 silly addNameRange     '1.7.2',
56 silly addNameRange     '1.7.3',
56 silly addNameRange     '1.7.4',
56 silly addNameRange     '1.7.5',
56 silly addNameRange     '1.7.6',
56 silly addNameRange     '1.7.7-beta.0',
56 silly addNameRange     '2.0.0-alpha.9',
56 silly addNameRange     '1.7.7',
56 silly addNameRange     '2.0.0-alpha.10',
56 silly addNameRange     '2.0.0-alpha.11',
56 silly addNameRange     '2.0.0-alpha.12',
56 silly addNameRange     '2.0.0-alpha.13',
56 silly addNameRange     '2.0.0-alpha.14',
56 silly addNameRange     '2.0.0-alpha.15',
56 silly addNameRange     '2.0.0-alpha.16',
56 silly addNameRange     '2.0.0-alpha.17',
56 silly addNameRange     '2.0.0-alpha.18',
56 silly addNameRange     '1.7.8-beta.0',
56 silly addNameRange     '1.7.8-beta.1',
56 silly addNameRange     '1.7.8-beta.2',
56 silly addNameRange     '1.7.8-beta.3',
56 silly addNameRange     '1.7.8',
56 silly addNameRange     '2.0.0-alpha.19',
56 silly addNameRange     '2.0.0-alpha.20' ] ]
57 silly addNamed ionic@1.7.8
58 verbose addNamed "1.7.8" is a plain semver version for ionic
59 silly cache afterAdd ionic@1.7.8
60 verbose afterAdd /Users/kuzijie/.npm/ionic/1.7.8/package/package.json not in flight; writing
61 verbose afterAdd /Users/kuzijie/.npm/ionic/1.7.8/package/package.json written
62 silly install resolved [ { name: 'cordova',
62 silly install resolved     version: '5.4.0',
62 silly install resolved     preferGlobal: 'true',
62 silly install resolved     description: 'Cordova command line interface tool',
62 silly install resolved     main: 'cordova',
62 silly install resolved     engines: { node: '>=0.9.9' },
62 silly install resolved     engineStrict: true,
62 silly install resolved     bin: { cordova: './bin/cordova' },
62 silly install resolved     scripts:
62 silly install resolved      { test: 'node node_modules/jasmine-node/bin/jasmine-node --captureExceptions --color spec',
62 silly install resolved        cover: 'node node_modules/istanbul/lib/cli.js cover --root src --print detail node_modules/jasmine-node/bin/jasmine-node -- spec' },
62 silly install resolved     repository:
62 silly install resolved      { type: 'git',
62 silly install resolved        url: 'https://git-wip-us.apache.org/repos/asf/cordova-cli.git' },
62 silly install resolved     bugs:
62 silly install resolved      { url: 'https://issues.apache.org/jira/browse/CB',
62 silly install resolved        email: 'dev@cordova.apache.org' },
62 silly install resolved     keywords: [ 'cordova', 'client', 'cli' ],
62 silly install resolved     dependencies:
62 silly install resolved      { ansi: '^0.3.0',
62 silly install resolved        'cordova-lib': '5.4.0',
62 silly install resolved        q: '1.0.1',
62 silly install resolved        nopt: '3.0.1',
62 silly install resolved        underscore: '1.7.0',
62 silly install resolved        'update-notifier': '^0.5.0' },
62 silly install resolved     devDependencies:
62 silly install resolved      { istanbul: '^0.3.4',
62 silly install resolved        grunt: '0.4.5',
62 silly install resolved        'grunt-retire': '0.3.7',
62 silly install resolved        'jasmine-node': '1.14.5' },
62 silly install resolved     author: { name: 'Anis Kadri' },
62 silly install resolved     contributors:
62 silly install resolved      [ [Object],
62 silly install resolved        [Object],
62 silly install resolved        [Object],
62 silly install resolved        [Object],
62 silly install resolved        [Object],
62 silly install resolved        [Object],
62 silly install resolved        [Object],
62 silly install resolved        [Object],
62 silly install resolved        [Object],
62 silly install resolved        [Object],
62 silly install resolved        [Object],
62 silly install resolved        [Object],
62 silly install resolved        [Object],
62 silly install resolved        [Object],
62 silly install resolved        [Object],
62 silly install resolved        [Object],
62 silly install resolved        [Object],
62 silly install resolved        [Object],
62 silly install resolved        [Object],
62 silly install resolved        [Object],
62 silly install resolved        [Object],
62 silly install resolved        [Object],
62 silly install resolved        [Object],
62 silly install resolved        [Object] ],
62 silly install resolved     license: 'Apache version 2.0',
62 silly install resolved     _id: 'cordova@5.4.0',
62 silly install resolved     _shasum: '2ed2255c2d73c713053e84df0de24caf73502659',
62 silly install resolved     _resolved: 'https://registry.npmjs.org/cordova/-/cordova-5.4.0.tgz',
62 silly install resolved     _from: 'cordova@*',
62 silly install resolved     _npmVersion: '2.14.2',
62 silly install resolved     _nodeVersion: '0.10.36',
62 silly install resolved     _npmUser: { name: 'stevegill', email: 'stevengill97@gmail.com' },
62 silly install resolved     dist:
62 silly install resolved      { shasum: '2ed2255c2d73c713053e84df0de24caf73502659',
62 silly install resolved        tarball: 'http://registry.npmjs.org/cordova/-/cordova-5.4.0.tgz' },
62 silly install resolved     maintainers:
62 silly install resolved      [ [Object],
62 silly install resolved        [Object],
62 silly install resolved        [Object],
62 silly install resolved        [Object],
62 silly install resolved        [Object],
62 silly install resolved        [Object],
62 silly install resolved        [Object],
62 silly install resolved        [Object],
62 silly install resolved        [Object],
62 silly install resolved        [Object],
62 silly install resolved        [Object],
62 silly install resolved        [Object],
62 silly install resolved        [Object],
62 silly install resolved        [Object],
62 silly install resolved        [Object],
62 silly install resolved        [Object],
62 silly install resolved        [Object],
62 silly install resolved        [Object] ],
62 silly install resolved     directories: {},
62 silly install resolved     readme: 'ERROR: No README data found!' },
62 silly install resolved   { name: 'ionic',
62 silly install resolved     version: '1.7.8',
62 silly install resolved     preferGlobal: true,
62 silly install resolved     description: 'A tool for creating and developing Ionic Framework mobile apps.',
62 silly install resolved     homepage: 'http://ionicframework.com/',
62 silly install resolved     bin: { ionic: 'bin/ionic' },
62 silly install resolved     scripts:
62 silly install resolved      { bump: 'node lib/tasks/bumpversion',
62 silly install resolved        'beta-bump': 'node lib/tasks/bumpversion --level pre --identifier beta',
62 silly install resolved        'publish-release': 'node lib/tasks/bumpversion --npmPublish',
62 silly install resolved        'publish-tag': 'node lib/tasks/bumpversion --level beta --npmPublishTag',
62 silly install resolved        'full-release': 'node lib/tasks/bumpversion --npmInstall --git --npmPublish',
62 silly install resolved        test: 'npm run jasmine',
62 silly install resolved        e2e: 'jasmine-node --captureExceptions ./e2e',
62 silly install resolved        jasmine: 'jasmine-node --captureExceptions  ./spec' },
62 silly install resolved     keywords:
62 silly install resolved      [ 'ionic',
62 silly install resolved        'ionic framework',
62 silly install resolved        'ionicframework',
62 silly install resolved        'mobile',
62 silly install resolved        'app',
62 silly install resolved        'hybrid',
62 silly install resolved        'cordova',
62 silly install resolved        'phonegap' ],
62 silly install resolved     repository:
62 silly install resolved      { type: 'git',
62 silly install resolved        url: 'git+https://github.com/driftyco/ionic-cli.git' },
62 silly install resolved     contributors: [ [Object], [Object], [Object], [Object] ],
62 silly install resolved     license: 'MIT',
62 silly install resolved     dependencies:
62 silly install resolved      { async: '^0.9.0',
62 silly install resolved        cheerio: '^0.19.0',
62 silly install resolved        'cli-table': '^0.3.1',
62 silly install resolved        colors: '0.6.2',
62 silly install resolved        connect: '3.1.1',
62 silly install resolved        'connect-livereload': '0.5.2',
62 silly install resolved        crc: '3.2.1',
62 silly install resolved        'cross-spawn': '0.2.3',
62 silly install resolved        'event-stream': '3.0.x',
62 silly install resolved        'expand-tilde': '^1.2.0',
62 silly install resolved        finalhandler: '0.2.0',
62 silly install resolved        'form-data': '0.1.4',
62 silly install resolved        gulp: '3.8.8',
62 silly install resolved        'ionic-app-lib': '0.6.4',
62 silly install resolved        moment: '^2.10.6',
62 silly install resolved        ncp: '0.4.2',
62 silly install resolved        npm: '2.1.3',
62 silly install resolved        open: '0.0.5',
62 silly install resolved        optimist: '0.6.0',
62 silly install resolved        progress: '1.1.7',
62 silly install resolved        prompt: '0.2.12',
62 silly install resolved        'proxy-middleware': '^0.7.0',
62 silly install resolved        q: '1.0.1',
62 silly install resolved        request: '2.51.0',
62 silly install resolved        semver: '^4.2.0',
62 silly install resolved        'serve-static': '1.7.1',
62 silly install resolved        shelljs: '0.2.6',
62 silly install resolved        'tiny-lr-fork': '0.0.5',
62 silly install resolved        underscore: '~1.7.0',
62 silly install resolved        unzip: '0.1.9',
62 silly install resolved        'vinyl-fs': '0.3.7',
62 silly install resolved        xml2js: '0.4.4' },
62 silly install resolved     devDependencies: { 'jasmine-node': '^1.14.5', rewire: '^2.3.4' },
62 silly install resolved     gitHead: 'acddd466b1ac5ba9910df497769e7129e309a17c',
62 silly install resolved     bugs: { url: 'https://github.com/driftyco/ionic-cli/issues' },
62 silly install resolved     _id: 'ionic@1.7.8',
62 silly install resolved     _shasum: '9daa4be3da17c992f35ea17992efe7b353636d76',
62 silly install resolved     _from: 'ionic@*',
62 silly install resolved     _npmVersion: '2.14.7',
62 silly install resolved     _nodeVersion: '4.2.1',
62 silly install resolved     _npmUser: { name: 'jbavari', email: 'jbavari@gmail.com' },
62 silly install resolved     dist:
62 silly install resolved      { shasum: '9daa4be3da17c992f35ea17992efe7b353636d76',
62 silly install resolved        tarball: 'http://registry.npmjs.org/ionic/-/ionic-1.7.8.tgz' },
62 silly install resolved     maintainers: [ [Object], [Object], [Object], [Object], [Object], [Object] ],
62 silly install resolved     directories: {},
62 silly install resolved     _resolved: 'https://registry.npmjs.org/ionic/-/ionic-1.7.8.tgz',
62 silly install resolved     readme: 'ERROR: No README data found!' } ]
63 info install cordova@5.4.0 into /usr/local/lib
64 info install ionic@1.7.8 into /usr/local/lib
65 info installOne cordova@5.4.0
66 verbose installOne of cordova to /usr/local/lib not in flight; installing
67 info installOne ionic@1.7.8
68 verbose installOne of ionic to /usr/local/lib not in flight; installing
69 verbose lock using /Users/kuzijie/.npm/_locks/cordova-fa12e2e096426a32.lock for /usr/local/lib/node_modules/cordova
70 verbose lock using /Users/kuzijie/.npm/_locks/ionic-61c0cd50dc7a1457.lock for /usr/local/lib/node_modules/ionic
71 silly install write writing cordova 5.4.0 to /usr/local/lib/node_modules/cordova
72 silly install write writing ionic 1.7.8 to /usr/local/lib/node_modules/ionic
73 verbose unbuild lib/node_modules/cordova
74 verbose unbuild lib/node_modules/ionic
75 info preuninstall ionic@1.7.8
76 info preuninstall cordova@5.4.0
77 info uninstall ionic@1.7.8
78 info uninstall cordova@5.4.0
79 verbose unbuild rmStuff ionic@1.7.8 from /usr/local/lib/node_modules
80 silly gentlyRm /usr/local/bin/ionic is being gently removed
81 silly gentlyRm verifying /usr/local is an npm working directory
82 silly gentlyRm containing path /usr/local is under npm's control, in /usr/local
83 silly gentlyRm deletion target /usr/local/bin/ionic is under /usr/local
84 verbose gentlyRm vacuuming from /usr/local/bin/ionic up to /usr/local
85 verbose unbuild rmStuff cordova@5.4.0 from /usr/local/lib/node_modules
86 silly gentlyRm /usr/local/bin/cordova is being gently removed
87 silly gentlyRm verifying /usr/local is an npm working directory
88 silly gentlyRm containing path /usr/local is under npm's control, in /usr/local
89 silly gentlyRm deletion target /usr/local/bin/cordova is under /usr/local
90 verbose gentlyRm vacuuming from /usr/local/bin/cordova up to /usr/local
91 info postuninstall ionic@1.7.8
92 silly vacuum-fs removing /usr/local/bin/cordova
93 silly gentlyRm /usr/local/lib/node_modules/ionic is being purged from base /usr/local
94 verbose gentlyRm don't care about contents; nuking /usr/local/lib/node_modules/ionic
95 silly vacuum-fs quitting because other entries in /usr/local/bin
96 info postuninstall cordova@5.4.0
97 silly vacuum-fs purging /usr/local/lib/node_modules/ionic
98 silly gentlyRm /usr/local/lib/node_modules/cordova is being purged from base /usr/local
99 verbose gentlyRm don't care about contents; nuking /usr/local/lib/node_modules/cordova
100 silly vacuum-fs purging /usr/local/lib/node_modules/cordova
101 verbose unlock done using /Users/kuzijie/.npm/_locks/ionic-61c0cd50dc7a1457.lock for /usr/local/lib/node_modules/ionic
102 verbose unlock done using /Users/kuzijie/.npm/_locks/cordova-fa12e2e096426a32.lock for /usr/local/lib/node_modules/cordova
103 verbose stack Error: EACCES, unlink '/usr/local/lib/node_modules/ionic/.gitattributes'
103 verbose stack     at Error (native)
104 verbose cwd /Users/kuzijie/Dropbox/2015/EECS441/SalesHunt/saleshunt-ui
105 error Darwin 15.0.0
106 error argv "node" "/usr/local/bin/npm" "install" "-g" "cordova" "ionic"
107 error node v0.12.7
108 error npm  v2.14.2
109 error path /usr/local/lib/node_modules/ionic/.gitattributes
110 error code EACCES
111 error errno -13
112 error Error: EACCES, unlink '/usr/local/lib/node_modules/ionic/.gitattributes'
112 error     at Error (native)
112 error  { [Error: EACCES, unlink '/usr/local/lib/node_modules/ionic/.gitattributes']
112 error   errno: -13,
112 error   code: 'EACCES',
112 error   path: '/usr/local/lib/node_modules/ionic/.gitattributes' }
113 error Please try running this command again as root/Administrator.
114 verbose exit [ -13, true ]
115 verbose unbuild lib/node_modules/ionic
116 info preuninstall ionic@1.7.8
117 info uninstall ionic@1.7.8
118 verbose unbuild rmStuff ionic@1.7.8 from /usr/local/lib/node_modules
119 silly gentlyRm /usr/local/bin/ionic is being gently removed
120 silly gentlyRm verifying /usr/local is an npm working directory
121 silly gentlyRm containing path /usr/local is under npm's control, in /usr/local
122 silly gentlyRm deletion target /usr/local/bin/ionic is under /usr/local
123 verbose gentlyRm vacuuming from /usr/local/bin/ionic up to /usr/local
124 info postuninstall ionic@1.7.8
125 silly gentlyRm /usr/local/lib/node_modules/ionic is being purged from base /usr/local
126 verbose gentlyRm don't care about contents; nuking /usr/local/lib/node_modules/ionic
127 silly vacuum-fs purging /usr/local/lib/node_modules/ionic
128 error error rolling back Error: EACCES, unlink '/usr/local/lib/node_modules/ionic/.gitattributes'
128 error error rolling back     at Error (native)
128 error error rolling back  { [Error: EACCES, unlink '/usr/local/lib/node_modules/ionic/.gitattributes']
128 error error rolling back   errno: -13,
128 error error rolling back   code: 'EACCES',
128 error error rolling back   path: '/usr/local/lib/node_modules/ionic/.gitattributes' }
